{"/Users/okuni/WebstormProjects/parari/lib/commands/slide.js":{"path":"/Users/okuni/WebstormProjects/parari/lib/commands/slide.js","s":{"1":1,"2":1,"3":0,"4":0,"5":0,"6":0,"7":0,"8":0,"9":0,"10":0,"11":0,"12":0,"13":0,"14":0,"15":0,"16":1,"17":1,"18":1,"19":1,"20":1,"21":1,"22":1,"23":1,"24":1,"25":1,"26":1,"27":1,"28":1,"29":2,"30":2,"31":1,"32":1,"33":2,"34":2,"35":1,"36":1,"37":1,"38":2,"39":2,"40":2,"41":2,"42":2,"43":22,"44":22,"45":3,"46":22,"47":22,"48":2,"49":5,"50":4,"51":1,"52":22,"53":3,"54":19,"55":1,"56":5,"57":1,"58":1,"59":4,"60":4,"61":4,"62":4,"63":4,"64":1,"65":1,"66":1,"67":1,"68":1,"69":1},"b":{"1":[0,0],"2":[0,0],"3":[0,0],"4":[0,0],"5":[0,0],"6":[1,0],"7":[3,19],"8":[1,3,3],"9":[1,4]},"f":{"1":0,"2":0,"3":0,"4":0,"5":0,"6":0,"7":0,"8":0,"9":1,"10":1,"11":1,"12":1,"13":1,"14":1,"15":1,"16":1,"17":2,"18":1,"19":2,"20":1,"21":2,"22":22,"23":5,"24":4,"25":22,"26":5,"27":4,"28":4,"29":4,"30":4},"fnMap":{"1":{"name":"slide","line":33,"loc":{"start":{"line":33,"column":0},"end":{"line":33,"column":45}}},"2":{"name":"(anonymous_2)","line":43,"loc":{"start":{"line":43,"column":8},"end":{"line":43,"column":28}}},"3":{"name":"(anonymous_3)","line":45,"loc":{"start":{"line":45,"column":16},"end":{"line":45,"column":36}}},"4":{"name":"(anonymous_4)","line":48,"loc":{"start":{"line":48,"column":16},"end":{"line":48,"column":36}}},"5":{"name":"(anonymous_5)","line":56,"loc":{"start":{"line":56,"column":8},"end":{"line":56,"column":34}}},"6":{"name":"(anonymous_6)","line":60,"loc":{"start":{"line":60,"column":16},"end":{"line":60,"column":36}}},"7":{"name":"(anonymous_7)","line":63,"loc":{"start":{"line":63,"column":16},"end":{"line":63,"column":36}}},"8":{"name":"(anonymous_8)","line":66,"loc":{"start":{"line":66,"column":16},"end":{"line":66,"column":36}}},"9":{"name":"(anonymous_9)","line":80,"loc":{"start":{"line":80,"column":21},"end":{"line":80,"column":36}}},"10":{"name":"(anonymous_10)","line":85,"loc":{"start":{"line":85,"column":14},"end":{"line":85,"column":54}}},"11":{"name":"(anonymous_11)","line":87,"loc":{"start":{"line":87,"column":8},"end":{"line":87,"column":28}}},"12":{"name":"(anonymous_12)","line":89,"loc":{"start":{"line":89,"column":16},"end":{"line":89,"column":36}}},"13":{"name":"(anonymous_13)","line":91,"loc":{"start":{"line":91,"column":24},"end":{"line":91,"column":44}}},"14":{"name":"(anonymous_14)","line":94,"loc":{"start":{"line":94,"column":24},"end":{"line":94,"column":53}}},"15":{"name":"(anonymous_15)","line":97,"loc":{"start":{"line":97,"column":24},"end":{"line":97,"column":50}}},"16":{"name":"(anonymous_16)","line":103,"loc":{"start":{"line":103,"column":16},"end":{"line":103,"column":36}}},"17":{"name":"(anonymous_17)","line":105,"loc":{"start":{"line":105,"column":37},"end":{"line":105,"column":61}}},"18":{"name":"(anonymous_18)","line":110,"loc":{"start":{"line":110,"column":16},"end":{"line":110,"column":36}}},"19":{"name":"(anonymous_19)","line":112,"loc":{"start":{"line":112,"column":38},"end":{"line":112,"column":63}}},"20":{"name":"(anonymous_20)","line":119,"loc":{"start":{"line":119,"column":8},"end":{"line":119,"column":38}}},"21":{"name":"(anonymous_21)","line":137,"loc":{"start":{"line":137,"column":21},"end":{"line":137,"column":37}}},"22":{"name":"(anonymous_22)","line":145,"loc":{"start":{"line":145,"column":41},"end":{"line":145,"column":56}}},"23":{"name":"(anonymous_23)","line":154,"loc":{"start":{"line":154,"column":16},"end":{"line":154,"column":35}}},"24":{"name":"(anonymous_24)","line":157,"loc":{"start":{"line":157,"column":13},"end":{"line":157,"column":32}}},"25":{"name":"(anonymous_25)","line":162,"loc":{"start":{"line":162,"column":31},"end":{"line":162,"column":46}}},"26":{"name":"(anonymous_26)","line":180,"loc":{"start":{"line":180,"column":24},"end":{"line":180,"column":65}}},"27":{"name":"(anonymous_27)","line":186,"loc":{"start":{"line":186,"column":8},"end":{"line":186,"column":28}}},"28":{"name":"(anonymous_28)","line":189,"loc":{"start":{"line":189,"column":8},"end":{"line":189,"column":37}}},"29":{"name":"(anonymous_29)","line":191,"loc":{"start":{"line":191,"column":16},"end":{"line":191,"column":36}}},"30":{"name":"(anonymous_30)","line":194,"loc":{"start":{"line":194,"column":16},"end":{"line":194,"column":45}}}},"statementMap":{"1":{"start":{"line":16,"column":0},"end":{"line":30,"column":26}},"2":{"start":{"line":33,"column":0},"end":{"line":73,"column":1}},"3":{"start":{"line":34,"column":4},"end":{"line":36,"column":5}},"4":{"start":{"line":35,"column":8},"end":{"line":35,"column":39}},"5":{"start":{"line":37,"column":4},"end":{"line":41,"column":34}},"6":{"start":{"line":42,"column":4},"end":{"line":72,"column":24}},"7":{"start":{"line":44,"column":12},"end":{"line":54,"column":25}},"8":{"start":{"line":46,"column":20},"end":{"line":46,"column":60}},"9":{"start":{"line":49,"column":20},"end":{"line":52,"column":33}},"10":{"start":{"line":57,"column":12},"end":{"line":58,"column":40}},"11":{"start":{"line":59,"column":12},"end":{"line":70,"column":25}},"12":{"start":{"line":61,"column":20},"end":{"line":61,"column":57}},"13":{"start":{"line":64,"column":20},"end":{"line":64,"column":68}},"14":{"start":{"line":67,"column":20},"end":{"line":67,"column":57}},"15":{"start":{"line":68,"column":20},"end":{"line":68,"column":35}},"16":{"start":{"line":80,"column":0},"end":{"line":83,"column":2}},"17":{"start":{"line":81,"column":4},"end":{"line":81,"column":42}},"18":{"start":{"line":82,"column":4},"end":{"line":82,"column":51}},"19":{"start":{"line":85,"column":0},"end":{"line":129,"column":2}},"20":{"start":{"line":86,"column":4},"end":{"line":128,"column":17}},"21":{"start":{"line":88,"column":12},"end":{"line":117,"column":25}},"22":{"start":{"line":90,"column":20},"end":{"line":101,"column":33}},"23":{"start":{"line":92,"column":28},"end":{"line":92,"column":55}},"24":{"start":{"line":95,"column":28},"end":{"line":95,"column":69}},"25":{"start":{"line":98,"column":28},"end":{"line":98,"column":60}},"26":{"start":{"line":99,"column":28},"end":{"line":99,"column":49}},"27":{"start":{"line":104,"column":20},"end":{"line":105,"column":20}},"28":{"start":{"line":105,"column":20},"end":{"line":108,"column":33}},"29":{"start":{"line":106,"column":24},"end":{"line":106,"column":62}},"30":{"start":{"line":107,"column":24},"end":{"line":107,"column":71}},"31":{"start":{"line":111,"column":20},"end":{"line":112,"column":20}},"32":{"start":{"line":112,"column":20},"end":{"line":115,"column":33}},"33":{"start":{"line":113,"column":24},"end":{"line":113,"column":63}},"34":{"start":{"line":114,"column":24},"end":{"line":114,"column":72}},"35":{"start":{"line":120,"column":12},"end":{"line":125,"column":27}},"36":{"start":{"line":126,"column":12},"end":{"line":127,"column":8}},"37":{"start":{"line":137,"column":0},"end":{"line":160,"column":2}},"38":{"start":{"line":138,"column":4},"end":{"line":138,"column":68}},"39":{"start":{"line":139,"column":4},"end":{"line":140,"column":4}},"40":{"start":{"line":140,"column":4},"end":{"line":140,"column":31}},"41":{"start":{"line":142,"column":4},"end":{"line":144,"column":6}},"42":{"start":{"line":145,"column":4},"end":{"line":152,"column":7}},"43":{"start":{"line":146,"column":8},"end":{"line":146,"column":57}},"44":{"start":{"line":147,"column":8},"end":{"line":149,"column":9}},"45":{"start":{"line":148,"column":12},"end":{"line":148,"column":30}},"46":{"start":{"line":150,"column":8},"end":{"line":150,"column":31}},"47":{"start":{"line":151,"column":8},"end":{"line":151,"column":49}},"48":{"start":{"line":153,"column":4},"end":{"line":159,"column":20}},"49":{"start":{"line":155,"column":12},"end":{"line":155,"column":38}},"50":{"start":{"line":158,"column":12},"end":{"line":158,"column":90}},"51":{"start":{"line":162,"column":0},"end":{"line":170,"column":2}},"52":{"start":{"line":163,"column":4},"end":{"line":168,"column":5}},"53":{"start":{"line":167,"column":12},"end":{"line":167,"column":24}},"54":{"start":{"line":169,"column":4},"end":{"line":169,"column":17}},"55":{"start":{"line":180,"column":0},"end":{"line":203,"column":2}},"56":{"start":{"line":181,"column":4},"end":{"line":184,"column":5}},"57":{"start":{"line":182,"column":8},"end":{"line":182,"column":23}},"58":{"start":{"line":183,"column":8},"end":{"line":183,"column":15}},"59":{"start":{"line":185,"column":4},"end":{"line":202,"column":17}},"60":{"start":{"line":187,"column":12},"end":{"line":187,"column":44}},"61":{"start":{"line":190,"column":12},"end":{"line":200,"column":25}},"62":{"start":{"line":192,"column":20},"end":{"line":192,"column":60}},"63":{"start":{"line":195,"column":20},"end":{"line":198,"column":23}},"64":{"start":{"line":205,"column":0},"end":{"line":205,"column":48}},"65":{"start":{"line":210,"column":0},"end":{"line":210,"column":70}},"66":{"start":{"line":212,"column":0},"end":{"line":212,"column":60}},"67":{"start":{"line":214,"column":0},"end":{"line":214,"column":58}},"68":{"start":{"line":217,"column":0},"end":{"line":217,"column":20}},"69":{"start":{"line":219,"column":0},"end":{"line":219,"column":23}}},"branchMap":{"1":{"line":34,"type":"if","locations":[{"start":{"line":34,"column":4},"end":{"line":34,"column":4}},{"start":{"line":34,"column":4},"end":{"line":34,"column":4}}]},"2":{"line":37,"type":"binary-expr","locations":[{"start":{"line":37,"column":14},"end":{"line":37,"column":24}},{"start":{"line":37,"column":28},"end":{"line":37,"column":30}}]},"3":{"line":38,"type":"binary-expr","locations":[{"start":{"line":38,"column":15},"end":{"line":38,"column":26}},{"start":{"line":38,"column":30},"end":{"line":38,"column":32}}]},"4":{"line":39,"type":"binary-expr","locations":[{"start":{"line":39,"column":16},"end":{"line":39,"column":29}},{"start":{"line":39,"column":33},"end":{"line":39,"column":42}}]},"5":{"line":40,"type":"binary-expr","locations":[{"start":{"line":40,"column":16},"end":{"line":40,"column":29}},{"start":{"line":40,"column":33},"end":{"line":40,"column":51}}]},"6":{"line":125,"type":"binary-expr","locations":[{"start":{"line":125,"column":15},"end":{"line":125,"column":19}},{"start":{"line":125,"column":23},"end":{"line":125,"column":25}}]},"7":{"line":147,"type":"if","locations":[{"start":{"line":147,"column":8},"end":{"line":147,"column":8}},{"start":{"line":147,"column":8},"end":{"line":147,"column":8}}]},"8":{"line":163,"type":"switch","locations":[{"start":{"line":164,"column":8},"end":{"line":164,"column":18}},{"start":{"line":165,"column":8},"end":{"line":165,"column":18}},{"start":{"line":166,"column":8},"end":{"line":167,"column":24}}]},"9":{"line":181,"type":"if","locations":[{"start":{"line":181,"column":4},"end":{"line":181,"column":4}},{"start":{"line":181,"column":4},"end":{"line":181,"column":4}}]}}},"/Users/okuni/WebstormProjects/parari/lib/commands/_done.js":{"path":"/Users/okuni/WebstormProjects/parari/lib/commands/_done.js","s":{"1":1,"2":2,"3":2,"4":1,"5":2,"6":1},"b":{"1":[1,1],"2":[1,1]},"f":{"1":2,"2":2},"fnMap":{"1":{"name":"(anonymous_1)","line":1,"loc":{"start":{"line":1,"column":17},"end":{"line":1,"column":37}}},"2":{"name":"(anonymous_2)","line":2,"loc":{"start":{"line":2,"column":11},"end":{"line":2,"column":26}}}},"statementMap":{"1":{"start":{"line":1,"column":0},"end":{"line":12,"column":0}},"2":{"start":{"line":2,"column":4},"end":{"line":9,"column":6}},"3":{"start":{"line":3,"column":8},"end":{"line":5,"column":9}},"4":{"start":{"line":4,"column":12},"end":{"line":4,"column":31}},"5":{"start":{"line":6,"column":8},"end":{"line":8,"column":9}},"6":{"start":{"line":7,"column":12},"end":{"line":7,"column":26}}},"branchMap":{"1":{"line":3,"type":"if","locations":[{"start":{"line":3,"column":8},"end":{"line":3,"column":8}},{"start":{"line":3,"column":8},"end":{"line":3,"column":8}}]},"2":{"line":6,"type":"if","locations":[{"start":{"line":6,"column":8},"end":{"line":6,"column":8}},{"start":{"line":6,"column":8},"end":{"line":6,"column":8}}]}}}}