{"/Users/okuni/WebstormProjects/parari/lib/commands/_generate_file.js":{"path":"/Users/okuni/WebstormProjects/parari/lib/commands/_generate_file.js","s":{"1":1,"2":1,"3":2,"4":2,"5":2,"6":2,"7":1},"b":{},"f":{"1":2,"2":2,"3":2,"4":2},"fnMap":{"1":{"name":"_generateFile","line":19,"loc":{"start":{"line":19,"column":0},"end":{"line":19,"column":52}}},"2":{"name":"(anonymous_2)","line":21,"loc":{"start":{"line":21,"column":8},"end":{"line":21,"column":28}}},"3":{"name":"(anonymous_3)","line":24,"loc":{"start":{"line":24,"column":8},"end":{"line":24,"column":28}}},"4":{"name":"(anonymous_4)","line":27,"loc":{"start":{"line":27,"column":8},"end":{"line":27,"column":28}}}},"statementMap":{"1":{"start":{"line":12,"column":0},"end":{"line":16,"column":18}},"2":{"start":{"line":19,"column":0},"end":{"line":31,"column":1}},"3":{"start":{"line":20,"column":4},"end":{"line":30,"column":17}},"4":{"start":{"line":22,"column":12},"end":{"line":22,"column":53}},"5":{"start":{"line":25,"column":12},"end":{"line":25,"column":64}},"6":{"start":{"line":28,"column":12},"end":{"line":28,"column":27}},"7":{"start":{"line":33,"column":0},"end":{"line":33,"column":31}}},"branchMap":{}},"/Users/okuni/WebstormProjects/parari/lib/index.js":{"path":"/Users/okuni/WebstormProjects/parari/lib/index.js","s":{"1":1,"2":2,"3":2},"b":{},"f":{"1":2,"2":2},"fnMap":{"1":{"name":"(anonymous_1)","line":13,"loc":{"start":{"line":13,"column":19},"end":{"line":13,"column":19}}},"2":{"name":"(anonymous_2)","line":14,"loc":{"start":{"line":14,"column":17},"end":{"line":14,"column":17}}}},"statementMap":{"1":{"start":{"line":11,"column":0},"end":{"line":15,"column":2}},"2":{"start":{"line":13,"column":21},"end":{"line":13,"column":50}},"3":{"start":{"line":14,"column":19},"end":{"line":14,"column":46}}},"branchMap":{}},"/Users/okuni/WebstormProjects/parari/lib/commands/index.js":{"path":"/Users/okuni/WebstormProjects/parari/lib/commands/index.js","s":{"1":1,"2":1},"b":{},"f":{"1":1},"fnMap":{"1":{"name":"(anonymous_1)","line":10,"loc":{"start":{"line":10,"column":16},"end":{"line":10,"column":16}}}},"statementMap":{"1":{"start":{"line":8,"column":0},"end":{"line":11,"column":2}},"2":{"start":{"line":10,"column":18},"end":{"line":10,"column":44}}},"branchMap":{}},"/Users/okuni/WebstormProjects/parari/lib/commands/slide.js":{"path":"/Users/okuni/WebstormProjects/parari/lib/commands/slide.js","s":{"1":1,"2":1,"3":1,"4":1,"5":1,"6":1,"7":1,"8":0,"9":0,"10":0,"11":0,"12":0,"13":1,"14":1,"15":1,"16":1,"17":1,"18":1,"19":1,"20":1,"21":1,"22":1,"23":1,"24":3,"25":3,"26":1,"27":1,"28":1,"29":1,"30":1,"31":3,"32":1,"33":2,"34":2,"35":1,"36":1,"37":1,"38":1,"39":1,"40":1,"41":1,"42":1,"43":1,"44":1,"45":1,"46":1,"47":1,"48":1,"49":1,"50":2,"51":2,"52":2,"53":2,"54":2,"55":28,"56":28,"57":3,"58":28,"59":28,"60":28,"61":2,"62":2,"63":5,"64":4,"65":2,"66":2,"67":1,"68":1,"69":32,"70":1,"71":5,"72":1,"73":1,"74":4,"75":4,"76":4,"77":4,"78":4,"79":4,"80":4,"81":4,"82":1,"83":2,"84":2,"85":4,"86":1,"87":1,"88":1,"89":1,"90":1,"91":1},"b":{"1":[1,0],"2":[1,1],"3":[1,1],"4":[1,0],"5":[1,1],"6":[1,0],"7":[1,1,1],"8":[1,0],"9":[3,25],"10":[3,25],"11":[1,4],"12":[4,0]},"f":{"1":1,"2":0,"3":0,"4":0,"5":1,"6":1,"7":1,"8":1,"9":1,"10":3,"11":2,"12":1,"13":1,"14":1,"15":1,"16":1,"17":1,"18":1,"19":1,"20":1,"21":2,"22":28,"23":5,"24":4,"25":32,"26":5,"27":4,"28":4,"29":4,"30":4,"31":4,"32":2,"33":4},"fnMap":{"1":{"name":"slide","line":35,"loc":{"start":{"line":35,"column":0},"end":{"line":35,"column":45}}},"2":{"name":"(anonymous_2)","line":51,"loc":{"start":{"line":51,"column":8},"end":{"line":51,"column":28}}},"3":{"name":"(anonymous_3)","line":53,"loc":{"start":{"line":53,"column":16},"end":{"line":53,"column":36}}},"4":{"name":"(anonymous_4)","line":59,"loc":{"start":{"line":59,"column":16},"end":{"line":59,"column":42}}},"5":{"name":"(anonymous_5)","line":67,"loc":{"start":{"line":67,"column":16},"end":{"line":67,"column":54}}},"6":{"name":"(anonymous_6)","line":69,"loc":{"start":{"line":69,"column":8},"end":{"line":69,"column":28}}},"7":{"name":"(anonymous_7)","line":72,"loc":{"start":{"line":72,"column":8},"end":{"line":72,"column":34}}},"8":{"name":"(anonymous_8)","line":82,"loc":{"start":{"line":82,"column":19},"end":{"line":82,"column":37}}},"9":{"name":"(anonymous_9)","line":83,"loc":{"start":{"line":83,"column":35},"end":{"line":83,"column":51}}},"10":{"name":"(anonymous_10)","line":87,"loc":{"start":{"line":87,"column":45},"end":{"line":87,"column":60}}},"11":{"name":"(anonymous_11)","line":113,"loc":{"start":{"line":113,"column":21},"end":{"line":113,"column":36}}},"12":{"name":"(anonymous_12)","line":118,"loc":{"start":{"line":118,"column":14},"end":{"line":118,"column":54}}},"13":{"name":"(anonymous_13)","line":120,"loc":{"start":{"line":120,"column":8},"end":{"line":120,"column":28}}},"14":{"name":"(anonymous_14)","line":122,"loc":{"start":{"line":122,"column":16},"end":{"line":122,"column":36}}},"15":{"name":"(anonymous_15)","line":124,"loc":{"start":{"line":124,"column":24},"end":{"line":124,"column":44}}},"16":{"name":"(anonymous_16)","line":127,"loc":{"start":{"line":127,"column":24},"end":{"line":127,"column":53}}},"17":{"name":"(anonymous_17)","line":130,"loc":{"start":{"line":130,"column":24},"end":{"line":130,"column":50}}},"18":{"name":"(anonymous_18)","line":136,"loc":{"start":{"line":136,"column":16},"end":{"line":136,"column":36}}},"19":{"name":"(anonymous_19)","line":141,"loc":{"start":{"line":141,"column":16},"end":{"line":141,"column":36}}},"20":{"name":"(anonymous_20)","line":148,"loc":{"start":{"line":148,"column":8},"end":{"line":148,"column":38}}},"21":{"name":"(anonymous_21)","line":167,"loc":{"start":{"line":167,"column":14},"end":{"line":167,"column":30}}},"22":{"name":"(anonymous_22)","line":175,"loc":{"start":{"line":175,"column":41},"end":{"line":175,"column":56}}},"23":{"name":"(anonymous_23)","line":192,"loc":{"start":{"line":192,"column":16},"end":{"line":192,"column":35}}},"24":{"name":"(anonymous_24)","line":195,"loc":{"start":{"line":195,"column":13},"end":{"line":195,"column":32}}},"25":{"name":"(anonymous_25)","line":203,"loc":{"start":{"line":203,"column":24},"end":{"line":203,"column":39}}},"26":{"name":"(anonymous_26)","line":215,"loc":{"start":{"line":215,"column":24},"end":{"line":215,"column":65}}},"27":{"name":"(anonymous_27)","line":221,"loc":{"start":{"line":221,"column":20},"end":{"line":221,"column":47}}},"28":{"name":"(anonymous_28)","line":226,"loc":{"start":{"line":226,"column":8},"end":{"line":226,"column":28}}},"29":{"name":"(anonymous_29)","line":229,"loc":{"start":{"line":229,"column":8},"end":{"line":229,"column":37}}},"30":{"name":"(anonymous_30)","line":231,"loc":{"start":{"line":231,"column":16},"end":{"line":231,"column":36}}},"31":{"name":"(anonymous_31)","line":234,"loc":{"start":{"line":234,"column":16},"end":{"line":234,"column":45}}},"32":{"name":"(anonymous_32)","line":252,"loc":{"start":{"line":252,"column":32},"end":{"line":252,"column":74}}},"33":{"name":"(anonymous_33)","line":254,"loc":{"start":{"line":254,"column":28},"end":{"line":254,"column":58}}}},"statementMap":{"1":{"start":{"line":16,"column":0},"end":{"line":32,"column":48}},"2":{"start":{"line":35,"column":0},"end":{"line":65,"column":1}},"3":{"start":{"line":36,"column":4},"end":{"line":38,"column":5}},"4":{"start":{"line":37,"column":8},"end":{"line":37,"column":39}},"5":{"start":{"line":39,"column":4},"end":{"line":43,"column":34}},"6":{"start":{"line":45,"column":4},"end":{"line":48,"column":5}},"7":{"start":{"line":46,"column":8},"end":{"line":46,"column":58}},"8":{"start":{"line":47,"column":8},"end":{"line":47,"column":15}},"9":{"start":{"line":50,"column":4},"end":{"line":64,"column":24}},"10":{"start":{"line":52,"column":12},"end":{"line":62,"column":25}},"11":{"start":{"line":54,"column":20},"end":{"line":57,"column":33}},"12":{"start":{"line":60,"column":20},"end":{"line":60,"column":62}},"13":{"start":{"line":67,"column":0},"end":{"line":77,"column":2}},"14":{"start":{"line":68,"column":4},"end":{"line":76,"column":17}},"15":{"start":{"line":70,"column":12},"end":{"line":70,"column":52}},"16":{"start":{"line":73,"column":12},"end":{"line":73,"column":37}},"17":{"start":{"line":74,"column":12},"end":{"line":74,"column":51}},"18":{"start":{"line":79,"column":0},"end":{"line":79,"column":21}},"19":{"start":{"line":80,"column":0},"end":{"line":80,"column":20}},"20":{"start":{"line":82,"column":0},"end":{"line":106,"column":2}},"21":{"start":{"line":83,"column":4},"end":{"line":105,"column":7}},"22":{"start":{"line":84,"column":8},"end":{"line":84,"column":34}},"23":{"start":{"line":85,"column":8},"end":{"line":105,"column":4}},"24":{"start":{"line":88,"column":16},"end":{"line":88,"column":38}},"25":{"start":{"line":89,"column":16},"end":{"line":98,"column":17}},"26":{"start":{"line":91,"column":24},"end":{"line":91,"column":30}},"27":{"start":{"line":93,"column":24},"end":{"line":93,"column":46}},"28":{"start":{"line":94,"column":24},"end":{"line":94,"column":30}},"29":{"start":{"line":96,"column":24},"end":{"line":96,"column":59}},"30":{"start":{"line":97,"column":24},"end":{"line":97,"column":30}},"31":{"start":{"line":99,"column":16},"end":{"line":103,"column":12}},"32":{"start":{"line":113,"column":0},"end":{"line":116,"column":2}},"33":{"start":{"line":114,"column":4},"end":{"line":114,"column":42}},"34":{"start":{"line":115,"column":4},"end":{"line":115,"column":51}},"35":{"start":{"line":118,"column":0},"end":{"line":159,"column":1}},"36":{"start":{"line":119,"column":4},"end":{"line":157,"column":17}},"37":{"start":{"line":121,"column":12},"end":{"line":146,"column":25}},"38":{"start":{"line":123,"column":20},"end":{"line":134,"column":33}},"39":{"start":{"line":125,"column":28},"end":{"line":125,"column":55}},"40":{"start":{"line":128,"column":28},"end":{"line":128,"column":69}},"41":{"start":{"line":131,"column":28},"end":{"line":131,"column":53}},"42":{"start":{"line":132,"column":28},"end":{"line":132,"column":49}},"43":{"start":{"line":137,"column":20},"end":{"line":138,"column":58}},"44":{"start":{"line":139,"column":20},"end":{"line":139,"column":82}},"45":{"start":{"line":142,"column":20},"end":{"line":143,"column":59}},"46":{"start":{"line":144,"column":20},"end":{"line":144,"column":82}},"47":{"start":{"line":149,"column":12},"end":{"line":154,"column":27}},"48":{"start":{"line":155,"column":12},"end":{"line":156,"column":8}},"49":{"start":{"line":167,"column":0},"end":{"line":200,"column":2}},"50":{"start":{"line":168,"column":4},"end":{"line":168,"column":68}},"51":{"start":{"line":169,"column":4},"end":{"line":170,"column":4}},"52":{"start":{"line":170,"column":4},"end":{"line":170,"column":31}},"53":{"start":{"line":172,"column":4},"end":{"line":174,"column":6}},"54":{"start":{"line":175,"column":4},"end":{"line":186,"column":7}},"55":{"start":{"line":176,"column":8},"end":{"line":176,"column":50}},"56":{"start":{"line":177,"column":8},"end":{"line":179,"column":9}},"57":{"start":{"line":178,"column":12},"end":{"line":178,"column":30}},"58":{"start":{"line":180,"column":8},"end":{"line":183,"column":11}},"59":{"start":{"line":184,"column":8},"end":{"line":184,"column":31}},"60":{"start":{"line":185,"column":8},"end":{"line":185,"column":49}},"61":{"start":{"line":188,"column":4},"end":{"line":189,"column":52}},"62":{"start":{"line":191,"column":4},"end":{"line":197,"column":20}},"63":{"start":{"line":193,"column":12},"end":{"line":193,"column":38}},"64":{"start":{"line":196,"column":12},"end":{"line":196,"column":59}},"65":{"start":{"line":198,"column":4},"end":{"line":198,"column":29}},"66":{"start":{"line":199,"column":4},"end":{"line":199,"column":17}},"67":{"start":{"line":202,"column":0},"end":{"line":202,"column":52}},"68":{"start":{"line":203,"column":0},"end":{"line":205,"column":2}},"69":{"start":{"line":204,"column":4},"end":{"line":204,"column":64}},"70":{"start":{"line":215,"column":0},"end":{"line":243,"column":2}},"71":{"start":{"line":216,"column":4},"end":{"line":219,"column":5}},"72":{"start":{"line":217,"column":8},"end":{"line":217,"column":23}},"73":{"start":{"line":218,"column":8},"end":{"line":218,"column":15}},"74":{"start":{"line":220,"column":4},"end":{"line":224,"column":5}},"75":{"start":{"line":221,"column":8},"end":{"line":224,"column":4}},"76":{"start":{"line":222,"column":12},"end":{"line":222,"column":34}},"77":{"start":{"line":225,"column":4},"end":{"line":242,"column":17}},"78":{"start":{"line":227,"column":12},"end":{"line":227,"column":44}},"79":{"start":{"line":230,"column":12},"end":{"line":240,"column":25}},"80":{"start":{"line":232,"column":20},"end":{"line":232,"column":60}},"81":{"start":{"line":235,"column":20},"end":{"line":238,"column":23}},"82":{"start":{"line":252,"column":0},"end":{"line":257,"column":2}},"83":{"start":{"line":253,"column":4},"end":{"line":253,"column":68}},"84":{"start":{"line":254,"column":4},"end":{"line":256,"column":17}},"85":{"start":{"line":255,"column":8},"end":{"line":255,"column":61}},"86":{"start":{"line":260,"column":0},"end":{"line":260,"column":48}},"87":{"start":{"line":265,"column":0},"end":{"line":265,"column":70}},"88":{"start":{"line":267,"column":0},"end":{"line":267,"column":60}},"89":{"start":{"line":269,"column":0},"end":{"line":269,"column":58}},"90":{"start":{"line":272,"column":0},"end":{"line":272,"column":20}},"91":{"start":{"line":274,"column":0},"end":{"line":274,"column":23}}},"branchMap":{"1":{"line":36,"type":"if","locations":[{"start":{"line":36,"column":4},"end":{"line":36,"column":4}},{"start":{"line":36,"column":4},"end":{"line":36,"column":4}}]},"2":{"line":39,"type":"binary-expr","locations":[{"start":{"line":39,"column":14},"end":{"line":39,"column":24}},{"start":{"line":39,"column":28},"end":{"line":39,"column":30}}]},"3":{"line":40,"type":"binary-expr","locations":[{"start":{"line":40,"column":15},"end":{"line":40,"column":26}},{"start":{"line":40,"column":30},"end":{"line":40,"column":32}}]},"4":{"line":41,"type":"binary-expr","locations":[{"start":{"line":41,"column":23},"end":{"line":41,"column":36}},{"start":{"line":41,"column":40},"end":{"line":41,"column":48}}]},"5":{"line":42,"type":"binary-expr","locations":[{"start":{"line":42,"column":16},"end":{"line":42,"column":29}},{"start":{"line":42,"column":33},"end":{"line":42,"column":51}}]},"6":{"line":45,"type":"if","locations":[{"start":{"line":45,"column":4},"end":{"line":45,"column":4}},{"start":{"line":45,"column":4},"end":{"line":45,"column":4}}]},"7":{"line":89,"type":"switch","locations":[{"start":{"line":90,"column":20},"end":{"line":91,"column":30}},{"start":{"line":92,"column":20},"end":{"line":94,"column":30}},{"start":{"line":95,"column":20},"end":{"line":97,"column":30}}]},"8":{"line":154,"type":"binary-expr","locations":[{"start":{"line":154,"column":15},"end":{"line":154,"column":19}},{"start":{"line":154,"column":23},"end":{"line":154,"column":25}}]},"9":{"line":177,"type":"if","locations":[{"start":{"line":177,"column":8},"end":{"line":177,"column":8}},{"start":{"line":177,"column":8},"end":{"line":177,"column":8}}]},"10":{"line":182,"type":"cond-expr","locations":[{"start":{"line":182,"column":40},"end":{"line":182,"column":45}},{"start":{"line":182,"column":48},"end":{"line":182,"column":53}}]},"11":{"line":216,"type":"if","locations":[{"start":{"line":216,"column":4},"end":{"line":216,"column":4}},{"start":{"line":216,"column":4},"end":{"line":216,"column":4}}]},"12":{"line":220,"type":"if","locations":[{"start":{"line":220,"column":4},"end":{"line":220,"column":4}},{"start":{"line":220,"column":4},"end":{"line":220,"column":4}}]}}},"/Users/okuni/WebstormProjects/parari/lib/themes/index.js":{"path":"/Users/okuni/WebstormProjects/parari/lib/themes/index.js","s":{"1":1,"2":1,"3":0},"b":{},"f":{"1":1,"2":0},"fnMap":{"1":{"name":"(anonymous_1)","line":13,"loc":{"start":{"line":13,"column":17},"end":{"line":13,"column":17}}},"2":{"name":"(anonymous_2)","line":14,"loc":{"start":{"line":14,"column":16},"end":{"line":14,"column":16}}}},"statementMap":{"1":{"start":{"line":11,"column":0},"end":{"line":15,"column":2}},"2":{"start":{"line":13,"column":19},"end":{"line":13,"column":46}},"3":{"start":{"line":14,"column":18},"end":{"line":14,"column":44}}},"branchMap":{}},"/Users/okuni/WebstormProjects/parari/lib/commands/_done.js":{"path":"/Users/okuni/WebstormProjects/parari/lib/commands/_done.js","s":{"1":1,"2":2,"3":2,"4":1,"5":2,"6":1},"b":{"1":[1,1],"2":[1,1]},"f":{"1":2,"2":2},"fnMap":{"1":{"name":"_done","line":11,"loc":{"start":{"line":11,"column":17},"end":{"line":11,"column":42}}},"2":{"name":"(anonymous_2)","line":12,"loc":{"start":{"line":12,"column":11},"end":{"line":12,"column":26}}}},"statementMap":{"1":{"start":{"line":11,"column":0},"end":{"line":22,"column":0}},"2":{"start":{"line":12,"column":4},"end":{"line":19,"column":6}},"3":{"start":{"line":13,"column":8},"end":{"line":15,"column":9}},"4":{"start":{"line":14,"column":12},"end":{"line":14,"column":31}},"5":{"start":{"line":16,"column":8},"end":{"line":18,"column":9}},"6":{"start":{"line":17,"column":12},"end":{"line":17,"column":26}}},"branchMap":{"1":{"line":13,"type":"if","locations":[{"start":{"line":13,"column":8},"end":{"line":13,"column":8}},{"start":{"line":13,"column":8},"end":{"line":13,"column":8}}]},"2":{"line":16,"type":"if","locations":[{"start":{"line":16,"column":8},"end":{"line":16,"column":8}},{"start":{"line":16,"column":8},"end":{"line":16,"column":8}}]}}},"/Users/okuni/WebstormProjects/parari/lib/commands/_decode_html.js":{"path":"/Users/okuni/WebstormProjects/parari/lib/commands/_decode_html.js","s":{"1":1,"2":1},"b":{},"f":{},"fnMap":{},"statementMap":{"1":{"start":{"line":13,"column":0},"end":{"line":14,"column":30}},"2":{"start":{"line":17,"column":0},"end":{"line":17,"column":48}}},"branchMap":{}}}