TN:
SF:/Users/okuni/WebstormProjects/parari/lib/commands/_generate_file.js
FN:19,_generateFile
FN:21,(anonymous_2)
FN:24,(anonymous_3)
FN:27,(anonymous_4)
FNF:4
FNH:4
FNDA:2,_generateFile
FNDA:2,(anonymous_2)
FNDA:2,(anonymous_3)
FNDA:2,(anonymous_4)
DA:12,1
DA:19,1
DA:20,2
DA:22,2
DA:25,2
DA:28,2
DA:33,1
LF:7
LH:7
BRF:0
BRH:0
end_of_record
TN:
SF:/Users/okuni/WebstormProjects/parari/lib/index.js
FN:13,(anonymous_1)
FN:14,(anonymous_2)
FNF:2
FNH:2
FNDA:2,(anonymous_1)
FNDA:2,(anonymous_2)
DA:11,1
DA:13,2
DA:14,2
LF:3
LH:3
BRF:0
BRH:0
end_of_record
TN:
SF:/Users/okuni/WebstormProjects/parari/lib/commands/index.js
FN:10,(anonymous_1)
FNF:1
FNH:1
FNDA:1,(anonymous_1)
DA:8,1
DA:10,1
LF:2
LH:2
BRF:0
BRH:0
end_of_record
TN:
SF:/Users/okuni/WebstormProjects/parari/lib/commands/slide.js
FN:35,slide
FN:51,(anonymous_2)
FN:53,(anonymous_3)
FN:59,(anonymous_4)
FN:67,(anonymous_5)
FN:69,(anonymous_6)
FN:72,(anonymous_7)
FN:82,(anonymous_8)
FN:83,(anonymous_9)
FN:87,(anonymous_10)
FN:113,(anonymous_11)
FN:118,(anonymous_12)
FN:120,(anonymous_13)
FN:122,(anonymous_14)
FN:124,(anonymous_15)
FN:127,(anonymous_16)
FN:130,(anonymous_17)
FN:136,(anonymous_18)
FN:141,(anonymous_19)
FN:148,(anonymous_20)
FN:167,(anonymous_21)
FN:175,(anonymous_22)
FN:192,(anonymous_23)
FN:195,(anonymous_24)
FN:203,(anonymous_25)
FN:215,(anonymous_26)
FN:221,(anonymous_27)
FN:226,(anonymous_28)
FN:229,(anonymous_29)
FN:231,(anonymous_30)
FN:234,(anonymous_31)
FN:252,(anonymous_32)
FN:254,(anonymous_33)
FNF:33
FNH:30
FNDA:1,slide
FNDA:0,(anonymous_2)
FNDA:0,(anonymous_3)
FNDA:0,(anonymous_4)
FNDA:1,(anonymous_5)
FNDA:1,(anonymous_6)
FNDA:1,(anonymous_7)
FNDA:1,(anonymous_8)
FNDA:1,(anonymous_9)
FNDA:3,(anonymous_10)
FNDA:2,(anonymous_11)
FNDA:1,(anonymous_12)
FNDA:1,(anonymous_13)
FNDA:1,(anonymous_14)
FNDA:1,(anonymous_15)
FNDA:1,(anonymous_16)
FNDA:1,(anonymous_17)
FNDA:1,(anonymous_18)
FNDA:1,(anonymous_19)
FNDA:1,(anonymous_20)
FNDA:2,(anonymous_21)
FNDA:28,(anonymous_22)
FNDA:5,(anonymous_23)
FNDA:4,(anonymous_24)
FNDA:32,(anonymous_25)
FNDA:5,(anonymous_26)
FNDA:4,(anonymous_27)
FNDA:4,(anonymous_28)
FNDA:4,(anonymous_29)
FNDA:4,(anonymous_30)
FNDA:4,(anonymous_31)
FNDA:2,(anonymous_32)
FNDA:4,(anonymous_33)
DA:16,1
DA:35,1
DA:36,1
DA:37,1
DA:39,1
DA:45,1
DA:46,1
DA:47,0
DA:50,0
DA:52,0
DA:54,0
DA:60,0
DA:67,1
DA:68,1
DA:70,1
DA:73,1
DA:74,1
DA:79,1
DA:80,1
DA:82,1
DA:83,1
DA:84,1
DA:85,1
DA:88,3
DA:89,3
DA:91,1
DA:93,1
DA:94,1
DA:96,1
DA:97,1
DA:99,3
DA:113,1
DA:114,2
DA:115,2
DA:118,1
DA:119,1
DA:121,1
DA:123,1
DA:125,1
DA:128,1
DA:131,1
DA:132,1
DA:137,1
DA:139,1
DA:142,1
DA:144,1
DA:149,1
DA:155,1
DA:167,1
DA:168,2
DA:169,2
DA:170,2
DA:172,2
DA:175,2
DA:176,28
DA:177,28
DA:178,3
DA:180,28
DA:184,28
DA:185,28
DA:188,2
DA:191,2
DA:193,5
DA:196,4
DA:198,2
DA:199,2
DA:202,1
DA:203,1
DA:204,32
DA:215,1
DA:216,5
DA:217,1
DA:218,1
DA:220,4
DA:221,4
DA:222,4
DA:225,4
DA:227,4
DA:230,4
DA:232,4
DA:235,4
DA:252,1
DA:253,2
DA:254,2
DA:255,4
DA:260,1
DA:265,1
DA:267,1
DA:269,1
DA:272,1
DA:274,1
LF:91
LH:86
BRDA:36,1,0,1
BRDA:36,1,1,0
BRDA:39,2,0,1
BRDA:39,2,1,1
BRDA:40,3,0,1
BRDA:40,3,1,1
BRDA:41,4,0,1
BRDA:41,4,1,0
BRDA:42,5,0,1
BRDA:42,5,1,1
BRDA:45,6,0,1
BRDA:45,6,1,0
BRDA:89,7,0,1
BRDA:89,7,1,1
BRDA:89,7,2,1
BRDA:154,8,0,1
BRDA:154,8,1,0
BRDA:177,9,0,3
BRDA:177,9,1,25
BRDA:182,10,0,3
BRDA:182,10,1,25
BRDA:216,11,0,1
BRDA:216,11,1,4
BRDA:220,12,0,4
BRDA:220,12,1,0
BRF:25
BRH:20
end_of_record
TN:
SF:/Users/okuni/WebstormProjects/parari/lib/themes/index.js
FN:13,(anonymous_1)
FN:14,(anonymous_2)
FNF:2
FNH:1
FNDA:1,(anonymous_1)
FNDA:0,(anonymous_2)
DA:11,1
DA:13,1
DA:14,0
LF:3
LH:2
BRF:0
BRH:0
end_of_record
TN:
SF:/Users/okuni/WebstormProjects/parari/lib/commands/_done.js
FN:11,_done
FN:12,(anonymous_2)
FNF:2
FNH:2
FNDA:2,_done
FNDA:2,(anonymous_2)
DA:11,1
DA:12,2
DA:13,2
DA:14,1
DA:16,2
DA:17,1
LF:6
LH:6
BRDA:13,1,0,1
BRDA:13,1,1,1
BRDA:16,2,0,1
BRDA:16,2,1,1
BRF:4
BRH:4
end_of_record
TN:
SF:/Users/okuni/WebstormProjects/parari/lib/commands/_decode_html.js
FNF:0
FNH:0
DA:13,1
DA:17,1
LF:2
LH:2
BRF:0
BRH:0
end_of_record
