TN:
SF:/Users/okuni/WebstormProjects/parari/lib/commands/slide.js
FN:33,slide
FN:43,(anonymous_2)
FN:45,(anonymous_3)
FN:48,(anonymous_4)
FN:56,(anonymous_5)
FN:60,(anonymous_6)
FN:63,(anonymous_7)
FN:66,(anonymous_8)
FN:80,(anonymous_9)
FN:85,(anonymous_10)
FN:87,(anonymous_11)
FN:89,(anonymous_12)
FN:91,(anonymous_13)
FN:94,(anonymous_14)
FN:97,(anonymous_15)
FN:103,(anonymous_16)
FN:105,(anonymous_17)
FN:110,(anonymous_18)
FN:112,(anonymous_19)
FN:119,(anonymous_20)
FN:137,(anonymous_21)
FN:145,(anonymous_22)
FN:154,(anonymous_23)
FN:157,(anonymous_24)
FN:162,(anonymous_25)
FN:180,(anonymous_26)
FN:186,(anonymous_27)
FN:189,(anonymous_28)
FN:191,(anonymous_29)
FN:194,(anonymous_30)
FNF:30
FNH:22
FNDA:0,slide
FNDA:0,(anonymous_2)
FNDA:0,(anonymous_3)
FNDA:0,(anonymous_4)
FNDA:0,(anonymous_5)
FNDA:0,(anonymous_6)
FNDA:0,(anonymous_7)
FNDA:0,(anonymous_8)
FNDA:1,(anonymous_9)
FNDA:1,(anonymous_10)
FNDA:1,(anonymous_11)
FNDA:1,(anonymous_12)
FNDA:1,(anonymous_13)
FNDA:1,(anonymous_14)
FNDA:1,(anonymous_15)
FNDA:1,(anonymous_16)
FNDA:2,(anonymous_17)
FNDA:1,(anonymous_18)
FNDA:2,(anonymous_19)
FNDA:1,(anonymous_20)
FNDA:2,(anonymous_21)
FNDA:22,(anonymous_22)
FNDA:5,(anonymous_23)
FNDA:4,(anonymous_24)
FNDA:22,(anonymous_25)
FNDA:5,(anonymous_26)
FNDA:4,(anonymous_27)
FNDA:4,(anonymous_28)
FNDA:4,(anonymous_29)
FNDA:4,(anonymous_30)
DA:16,1
DA:33,1
DA:34,0
DA:35,0
DA:37,0
DA:42,0
DA:44,0
DA:46,0
DA:49,0
DA:57,0
DA:59,0
DA:61,0
DA:64,0
DA:67,0
DA:68,0
DA:80,1
DA:81,1
DA:82,1
DA:85,1
DA:86,1
DA:88,1
DA:90,1
DA:92,1
DA:95,1
DA:98,1
DA:99,1
DA:104,1
DA:105,1
DA:106,2
DA:107,2
DA:111,1
DA:112,1
DA:113,2
DA:114,2
DA:120,1
DA:126,1
DA:137,1
DA:138,2
DA:139,2
DA:140,2
DA:142,2
DA:145,2
DA:146,22
DA:147,22
DA:148,3
DA:150,22
DA:151,22
DA:153,2
DA:155,5
DA:158,4
DA:162,1
DA:163,22
DA:167,3
DA:169,19
DA:180,1
DA:181,5
DA:182,1
DA:183,1
DA:185,4
DA:187,4
DA:190,4
DA:192,4
DA:195,4
DA:205,1
DA:210,1
DA:212,1
DA:214,1
DA:217,1
DA:219,1
LF:69
LH:56
BRDA:34,1,0,0
BRDA:34,1,1,0
BRDA:37,2,0,0
BRDA:37,2,1,0
BRDA:38,3,0,0
BRDA:38,3,1,0
BRDA:39,4,0,0
BRDA:39,4,1,0
BRDA:40,5,0,0
BRDA:40,5,1,0
BRDA:125,6,0,1
BRDA:125,6,1,0
BRDA:147,7,0,3
BRDA:147,7,1,19
BRDA:163,8,0,1
BRDA:163,8,1,3
BRDA:163,8,2,3
BRDA:181,9,0,1
BRDA:181,9,1,4
BRF:19
BRH:8
end_of_record
TN:
SF:/Users/okuni/WebstormProjects/parari/lib/commands/_done.js
FN:1,(anonymous_1)
FN:2,(anonymous_2)
FNF:2
FNH:2
FNDA:2,(anonymous_1)
FNDA:2,(anonymous_2)
DA:1,1
DA:2,2
DA:3,2
DA:4,1
DA:6,2
DA:7,1
LF:6
LH:6
BRDA:3,1,0,1
BRDA:3,1,1,1
BRDA:6,2,0,1
BRDA:6,2,1,1
BRF:4
BRH:4
end_of_record
